<?xml version="1.0" encoding="UTF-8" ?>
<testsuite tests="1" failures="0" name="cn.lyxlz.mybatis.CacheTest" time="0.691" errors="0" skipped="0">
  <properties>
    <property name="idea.version" value="2022.2"/>
    <property name="java.runtime.name" value="OpenJDK Runtime Environment"/>
    <property name="java.vm.version" value="17.0.5+8-jvmci-22.3-b08"/>
    <property name="sun.boot.library.path" value="D:\SoftWare\Study\jdks\graalvm-ce-java17-22.3.0\bin"/>
    <property name="maven.multiModuleProjectDirectory" value="C:\Users\xlz\IdeaProjects\MyBatis\MyBatis_demo3"/>
    <property name="java.vm.vendor" value="GraalVM Community"/>
    <property name="java.vendor.url" value="https://www.graalvm.org/"/>
    <property name="guice.disable.misplaced.annotation.check" value="true"/>
    <property name="path.separator" value=";"/>
    <property name="java.vm.name" value="OpenJDK 64-Bit Server VM"/>
    <property name="sun.os.patch.level" value=""/>
    <property name="user.script" value=""/>
    <property name="user.country" value="CN"/>
    <property name="sun.java.launcher" value="SUN_STANDARD"/>
    <property name="java.vm.specification.name" value="Java Virtual Machine Specification"/>
    <property name="user.dir" value="C:\Users\xlz\IdeaProjects\MyBatis\MyBatis_demo3"/>
    <property name="java.vm.compressedOopsMode" value="Zero based"/>
    <property name="java.runtime.version" value="17.0.5+8-jvmci-22.3-b08"/>
    <property name="os.arch" value="amd64"/>
    <property name="java.io.tmpdir" value="C:\Users\xlz\AppData\Local\Temp\"/>
    <property name="line.separator" value="
"/>
    <property name="java.vm.specification.vendor" value="Oracle Corporation"/>
    <property name="user.variant" value=""/>
    <property name="jdk.internal.vm.ci.enabled" value="true"/>
    <property name="os.name" value="Windows 11"/>
    <property name="maven.ext.class.path" value="D:\SoftWare\Study\IDEA\IntelliJ IDEA 2022.2\plugins\maven\lib\maven-event-listener.jar"/>
    <property name="classworlds.conf" value="D:\SoftWare\Study\IDEA\IntelliJ IDEA 2022.2\plugins\maven\lib\maven3\bin\m2.conf"/>
    <property name="sun.jnu.encoding" value="GBK"/>
    <property name="java.library.path" value="D:\SoftWare\Study\jdks\graalvm-ce-java17-22.3.0\bin;C:\WINDOWS\Sun\Java\bin;C:\WINDOWS\system32;C:\WINDOWS;D:\SoftWare\Study\vmware\bin\;D:\SoftWare\Study\jdks\graalvm-ce-java17-22.3.0\bin;C:\Windows\system32;C:\Windows;C:\Windows\System32\Wbem;C:\Windows\System32\WindowsPowerShell\v1.0\;C:\Windows\System32\OpenSSH\;C:\Program Files (x86)\NVIDIA Corporation\PhysX\Common;C:\Program Files\NVIDIA Corporation\NVIDIA NvDLISR;C:\Program Files\dotnet\;C:\Program Files\Git\cmd;D:\SoftWare\daily\bandzip\Bandizip;C:\Program Files\Microsoft SQL Server\150\Tools\Binn\;C:\Program Files\Microsoft SQL Server\Client SDK\ODBC\170\Tools\Binn\;D:\SoftWare\Study\Nodejs\;C:\ProgramData\chocolatey\bin;C:\Program Files\Wasmtime\bin;C:\WINDOWS\system32;C:\WINDOWS;C:\WINDOWS\System32\Wbem;C:\WINDOWS\System32\WindowsPowerShell\v1.0\;C:\WINDOWS\System32\OpenSSH\;C:\Program Files\Docker\Docker\resources\bin;;C:\TDM-GCC-64\bin;C:\Program Files\Bandizip\;D:\SoftWare\Study\jdks\graalvm-ce-java17-22.3.0\bin;C:\Users\xlz\scoop\apps\oh-my-posh\current\bin;C:\Users\xlz\miniconda3;C:\Users\xlz\miniconda3\Library\mingw-w64\bin;C:\Users\xlz\miniconda3\Library\usr\bin;C:\Users\xlz\miniconda3\Library\bin;C:\Users\xlz\miniconda3\Scripts;C:\Users\xlz\scoop\shims;C:\Users\xlz\AppData\Local\Microsoft\WindowsApps;D:\SoftWare\Study\IDEA\IntelliJ IDEA 2022.2\bin;D:\SoftWare\Study\gradle\bin;D:\SoftWare\Study\zig-windows-x86_64;D:\SoftWare\Study\pycharm\PyCharm 2022.2.1\bin;D:\SoftWare\Study\Goland\GoLand 2022.2\bin;C:\Users\xlz\.dotnet\tools;C:\Users\xlz\sdk\go1.19\bin;C:\Users\xlz\AppData\Roaming\npm;C:\Users\xlz\AppData\Local\Programs\Microsoft VS Code\bin;D:\SoftWare\Study\IDEA\IntelliJ IDEA 2022.2\bin;C:\Program Files\Wasmtime\bin;C:\Users\xlz\AppData\Local\Microsoft\WindowsApps;D:\SoftWare\Study\groovy-4.0.5\bin;C:\Users\xlz\AppData\Local\JetBrains\Toolbox\scripts;D:\SoftWare\Study\platform-tools;D:\SoftWare\Study\Visual Studio\VC\Tools\MSVC\14.33.31629\bin\Hostx64\x64;D:\SoftWare\Study\IDEA\IntelliJ IDEA 2022.2\plugins\maven\lib\maven3\bin;;."/>
    <property name="maven.conf" value="D:\SoftWare\Study\IDEA\IntelliJ IDEA 2022.2\plugins\maven\lib\maven3/conf"/>
    <property name="jdk.debug" value="release"/>
    <property name="java.class.version" value="61.0"/>
    <property name="java.specification.name" value="Java Platform API Specification"/>
    <property name="sun.management.compiler" value="HotSpot 64-Bit Tiered Compilers"/>
    <property name="os.version" value="10.0"/>
    <property name="user.home" value="C:\Users\xlz"/>
    <property name="user.timezone" value="Asia/Shanghai"/>
    <property name="file.encoding" value="UTF-8"/>
    <property name="java.specification.version" value="17"/>
    <property name="user.name" value="xlz"/>
    <property name="java.class.path" value="D:\SoftWare\Study\IDEA\IntelliJ IDEA 2022.2\plugins\maven\lib\maven3\boot\plexus-classworlds-2.6.0.jar;D:\SoftWare\Study\IDEA\IntelliJ IDEA 2022.2\plugins\maven\lib\maven3\boot\plexus-classworlds.license"/>
    <property name="java.vm.specification.version" value="17"/>
    <property name="sun.arch.data.model" value="64"/>
    <property name="sun.java.command" value="org.codehaus.classworlds.Launcher -Didea.version=2022.2 install"/>
    <property name="java.home" value="D:\SoftWare\Study\jdks\graalvm-ce-java17-22.3.0"/>
    <property name="user.language" value="zh"/>
    <property name="java.specification.vendor" value="Oracle Corporation"/>
    <property name="java.vm.info" value="mixed mode, sharing"/>
    <property name="java.version" value="17.0.5"/>
    <property name="native.encoding" value="GBK"/>
    <property name="java.vendor" value="GraalVM Community"/>
    <property name="maven.home" value="D:\SoftWare\Study\IDEA\IntelliJ IDEA 2022.2\plugins\maven\lib\maven3"/>
    <property name="file.separator" value="\"/>
    <property name="java.version.date" value="2022-10-18"/>
    <property name="java.vendor.url.bug" value="https://github.com/oracle/graal/issues"/>
    <property name="sun.io.unicode.encoding" value="UnicodeLittle"/>
    <property name="sun.cpu.endian" value="little"/>
    <property name="java.vendor.version" value="GraalVM CE 22.3.0"/>
    <property name="sun.cpu.isalist" value="amd64"/>
  </properties>
  <testcase classname="cn.lyxlz.mybatis.CacheTest" name="testGetEmpByEid" time="0.691"/>
</testsuite>